MATLAB is selecting SOFTWARE OPENGL rendering.
Opening log file:  /home/cunhad/java.log.12375

                            < M A T L A B (R) >
                  Copyright 1984-2016 The MathWorks, Inc.
                   R2016b (9.1.0.441655) 64-bit (glnxa64)
                             September 7, 2016

 
To get started, type one of these: helpwin, helpdesk, or demo.
For product information, visit www.mathworks.com.
 
    ----------------------------------------------------
	Your MATLAB license will expire in 20 days.
	Please contact your system administrator or
	MathWorks to renew this license.
    ----------------------------------------------------
Starting parallel pool (parpool) using the 'local' profile ... [Warning: The system time zone setting, 'US/Eastern', does not specify a single
time zone unambiguously. It will be treated as 'America/New_York'. See the <a
href="matlab:doc('datetime.TimeZone')">datetime.TimeZone property</a> for
details about specifying time zones.] 
[> In verifyTimeZone (line 23)
  In datetime (line 503)
  In parallel.internal.cluster.DefaultProperties.getNewJobPropStruct (line 16)
  In parallel.internal.cluster.CJSSupport/buildJob (line 151)
  In parallel.cluster.CJSCluster/buildCommunicatingJob (line 452)
  In parallel.Cluster/createCommunicatingJob (line 89)
  In parallel.internal.pool.InteractiveClient>iCreateCommunicatingJob (line 714)
  In parallel.internal.pool.InteractiveClient/start (line 325)
  In parallel.Pool>iStartClient (line 567)
  In parallel.Pool.hBuildPool (line 446)
  In parallel.internal.pool.doParpool (line 15)
  In parpool (line 89)
  In box_statistics_dm_data_out_cubic_fast_cache (line 57)] 
connected to 32 workers.
Analyzing and transferring files to the workers ...done.
             BytesSentToWorkers    BytesReceivedFromWorkers
             __________________    ________________________

    1        4.0357e+08            6.4425e+09              
    2         6.053e+08            6.4425e+09              
    3        4.0357e+08            6.4425e+09              
    4        4.0357e+08            6.4425e+09              
    5         6.053e+08            6.4425e+09              
    6        4.0357e+08            6.4425e+09              
    7        4.0357e+08            6.4425e+09              
    8        4.0357e+08            6.4425e+09              
    9        4.0357e+08            6.4425e+09              
    10        6.053e+08            6.4425e+09              
    11       4.0357e+08            6.4425e+09              
    12       4.0357e+08            6.4425e+09              
    13       4.0357e+08            6.4425e+09              
    14        6.053e+08            6.4425e+09              
    15        6.053e+08            6.4425e+09              
    16       4.0357e+08            6.4425e+09              
    17        6.053e+08            6.4425e+09              
    18       4.0357e+08            6.4425e+09              
    19       4.0357e+08            6.4425e+09              
    20       4.0357e+08            6.4425e+09              
    21       4.0357e+08            6.4425e+09              
    22       4.0357e+08            6.4425e+09              
    23        6.053e+08            6.4425e+09              
    24        6.053e+08            6.4425e+09              
    25       4.0357e+08            6.4425e+09              
    26        6.053e+08            6.4425e+09              
    27        6.053e+08            6.4425e+09              
    28        6.053e+08            6.4425e+09              
    29       4.0357e+08            6.4425e+09              
    30       4.0357e+08            6.4425e+09              
    31       4.0357e+08            6.4425e+09              
    32       4.0357e+08            6.4425e+09              
    Total    1.5133e+10            2.0616e+11              

