MATLAB is selecting SOFTWARE OPENGL rendering.
Opening log file:  /home/cunhad/java.log.27283

                            < M A T L A B (R) >
                  Copyright 1984-2016 The MathWorks, Inc.
                   R2016b (9.1.0.441655) 64-bit (glnxa64)
                             September 7, 2016

 
To get started, type one of these: helpwin, helpdesk, or demo.
For product information, visit www.mathworks.com.
 
    ----------------------------------------------------
	Your MATLAB license will expire in 19 days.
	Please contact your system administrator or
	MathWorks to renew this license.
    ----------------------------------------------------
Starting parallel pool (parpool) using the 'local' profile ... [Warning: The system time zone setting, 'US/Eastern', does not specify a single
time zone unambiguously. It will be treated as 'America/New_York'. See the <a
href="matlab:doc('datetime.TimeZone')">datetime.TimeZone property</a> for
details about specifying time zones.] 
[> In verifyTimeZone (line 23)
  In datetime (line 503)
  In parallel.internal.cluster.DefaultProperties.getNewJobPropStruct (line 16)
  In parallel.internal.cluster.CJSSupport/buildJob (line 151)
  In parallel.cluster.CJSCluster/buildCommunicatingJob (line 452)
  In parallel.Cluster/createCommunicatingJob (line 89)
  In parallel.internal.pool.InteractiveClient>iCreateCommunicatingJob (line 714)
  In parallel.internal.pool.InteractiveClient/start (line 325)
  In parallel.Pool>iStartClient (line 567)
  In parallel.Pool.hBuildPool (line 446)
  In parallel.internal.pool.doParpool (line 15)
  In parpool (line 89)
  In box_statistics_dm_data_out_cubic_fast_ap (line 57)] 
connected to 32 workers.
Analyzing and transferring files to the workers ...done.
             BytesSentToWorkers    BytesReceivedFromWorkers
             __________________    ________________________

    1        6.4187e+08            1.0094e+08              
    2        6.4188e+08            1.0518e+08              
    3        4.2796e+08            1.0473e+08              
    4        6.4188e+08            1.0616e+08              
    5        4.2796e+08            1.0576e+08              
    6        4.2795e+08             9.768e+07              
    7        6.4188e+08            1.0203e+08              
    8        4.2795e+08             9.421e+07              
    9        6.4188e+08            9.9987e+07              
    10       4.2796e+08            1.0282e+08              
    11       4.2796e+08            9.9839e+07              
    12       6.4188e+08            1.0049e+08              
    13       4.2796e+08            1.0117e+08              
    14       4.2796e+08            1.0095e+08              
    15       4.2796e+08            1.0139e+08              
    16       4.2795e+08            9.8695e+07              
    17       6.4188e+08            1.0399e+08              
    18       4.2795e+08            9.4812e+07              
    19       4.2796e+08            1.0455e+08              
    20       4.2796e+08            1.0098e+08              
    21       4.2796e+08            1.0498e+08              
    22       4.2796e+08            1.0047e+08              
    23       6.4187e+08            9.8879e+07              
    24       6.4187e+08             9.989e+07              
    25       4.2796e+08            1.0008e+08              
    26       6.4187e+08            9.9406e+07              
    27       6.4187e+08            1.0002e+08              
    28       4.2795e+08            9.8208e+07              
    29       6.4187e+08            9.9311e+07              
    30       4.2795e+08            9.6754e+07              
    31       4.2796e+08            9.8856e+07              
    32       4.2795e+08            9.8968e+07              
    Total    1.6262e+10            3.2222e+09              

             BytesSentToWorkers    BytesReceivedFromWorkers
             __________________    ________________________

    1        4.2786e+08            9.8327e+07              
    2        4.2785e+08              9.86e+07              
    3        4.2785e+08            9.8277e+07              
    4        4.2785e+08            9.9067e+07              
    5        4.2785e+08            9.6747e+07              
    6        4.2785e+08            9.7666e+07              
    7        4.2786e+08            1.0135e+08              
    8        4.2786e+08            1.0066e+08              
    9        4.2786e+08            1.0296e+08              
    10       4.2785e+08            1.0098e+08              
    11       4.2786e+08            1.0109e+08              
    12       4.2785e+08            9.8688e+07              
    13       4.2786e+08            1.0618e+08              
    14       4.2786e+08            1.0175e+08              
    15       4.2785e+08             1.015e+08              
    16       4.2785e+08            9.8682e+07              
    17       4.2785e+08            9.8256e+07              
    18       4.2786e+08            1.0145e+08              
    19       4.2786e+08            1.0435e+08              
    20       4.2786e+08            9.9855e+07              
    21       4.2786e+08            1.0579e+08              
    22       4.2786e+08            1.0562e+08              
    23       4.2786e+08            9.9691e+07              
    24       4.2786e+08            1.0356e+08              
    25       4.2786e+08            1.0078e+08              
    26       4.2785e+08             9.638e+07              
    27       4.2786e+08            1.0123e+08              
    28       4.2785e+08            9.9788e+07              
    29       4.2786e+08            9.9359e+07              
    30       4.2786e+08            1.0178e+08              
    31       4.2786e+08            1.0014e+08              
    32       4.2785e+08            1.0113e+08              
    Total    1.3691e+10            3.2217e+09              

             BytesSentToWorkers    BytesReceivedFromWorkers
             __________________    ________________________

    1        4.2786e+08            1.0409e+08              
    2        4.2786e+08            1.0346e+08              
    3        4.2786e+08            1.0056e+08              
    4        4.2786e+08            1.0514e+08              
    5        4.2785e+08            9.5661e+07              
    6        4.2785e+08            9.7666e+07              
    7        4.2785e+08            9.8277e+07              
    8        4.2785e+08            9.6024e+07              
    9        4.2785e+08            9.7283e+07              
    10       4.2786e+08             1.022e+08              
    11       4.2786e+08            1.0008e+08              
    12       4.2786e+08            1.0202e+08              
    13       4.2785e+08            9.6118e+07              
    14       4.2786e+08            9.9632e+07              
    15       4.2786e+08            1.0379e+08              
    16       4.2785e+08            9.8682e+07              
    17       4.2786e+08            1.0297e+08              
    18       4.2786e+08             1.044e+08              
    19       4.2786e+08            9.9417e+07              
    20       4.2786e+08            1.0063e+08              
    21       4.2786e+08            9.9046e+07              
    22       4.2786e+08            1.0017e+08              
    23       4.2785e+08            1.0111e+08              
    24       4.2785e+08            1.0113e+08              
    25       4.2785e+08            9.5856e+07              
    26       4.2785e+08            1.0268e+08              
    27       4.2786e+08            1.0676e+08              
    28       4.2785e+08            9.8195e+07              
    29       4.2785e+08            1.0074e+08              
    30       4.2786e+08            1.0178e+08              
    31       4.2786e+08            1.0518e+08              
    32       4.2786e+08            1.0096e+08              
    Total    1.3691e+10            3.2217e+09              

             BytesSentToWorkers    BytesReceivedFromWorkers
             __________________    ________________________

    1        4.2785e+08            9.7705e+07              
    2        4.2785e+08            9.9325e+07              
    3        4.2785e+08            9.6343e+07              
    4        4.2786e+08             1.002e+08              
    5        4.2786e+08            1.0573e+08              
    6        4.2785e+08            9.7666e+07              
    7        4.2785e+08            9.7933e+07              
    8        4.2786e+08            1.0151e+08              
    9        4.2785e+08            9.8574e+07              
    10       4.2785e+08            1.0098e+08              
    11       4.2785e+08             9.627e+07              
    12       4.2785e+08            9.8764e+07              
    13       4.2786e+08             1.051e+08              
    14       4.2786e+08            9.9632e+07              
    15       4.2785e+08            9.7933e+07              
    16       4.2785e+08            9.8682e+07              
    17       4.2786e+08            1.0439e+08              
    18       4.2786e+08            1.0124e+08              
    19       4.2785e+08            9.5584e+07              
    20       4.2786e+08            1.0401e+08              
    21       4.2786e+08            1.0509e+08              
    22       4.2786e+08            1.0521e+08              
    23       4.2786e+08            1.0186e+08              
    24       4.2786e+08            1.0221e+08              
    25       4.2786e+08            1.0115e+08              
    26       4.2786e+08            1.0367e+08              
    27       4.2785e+08             9.886e+07              
    28       4.2785e+08            9.9788e+07              
    29       4.2785e+08             9.832e+07              
    30       4.2786e+08            1.0178e+08              
    31       4.2786e+08            1.0582e+08              
    32       4.2785e+08            1.0036e+08              
    Total    1.3691e+10            3.2217e+09              

             BytesSentToWorkers    BytesReceivedFromWorkers
             __________________    ________________________

    1        4.2786e+08            1.0427e+08              
    2        4.2785e+08            9.9979e+07              
    3        4.2786e+08            1.0098e+08              
    4        4.2786e+08            1.0116e+08              
    5        4.2786e+08            1.0466e+08              
    6        4.2785e+08            9.7667e+07              
    7        4.2786e+08             1.024e+08              
    8        4.2785e+08            9.5809e+07              
    9        4.2786e+08            1.0169e+08              
    10       4.2785e+08             9.944e+07              
    11       4.2785e+08            9.5014e+07              
    12       4.2786e+08            1.0524e+08              
    13       4.2786e+08            1.0356e+08              
    14       4.2786e+08            1.0093e+08              
    15       4.2786e+08            1.0414e+08              
    16       4.2785e+08            9.8682e+07              
    17       4.2786e+08            1.0202e+08              
    18       4.2786e+08            9.9632e+07              
    19       4.2785e+08            9.4382e+07              
    20       4.2786e+08            1.0066e+08              
    21       4.2786e+08             1.049e+08              
    22       4.2786e+08            1.0521e+08              
    23       4.2785e+08            1.0038e+08              
    24       4.2785e+08            9.9661e+07              
    25       4.2785e+08            9.4736e+07              
    26       4.2785e+08            1.0018e+08              
    27       4.2786e+08            1.0399e+08              
    28       4.2785e+08            9.8965e+07              
    29       4.2786e+08            1.0177e+08              
    30       4.2785e+08            9.6741e+07              
    31       4.2786e+08            1.0406e+08              
    32       4.2785e+08            9.8783e+07              
    Total    1.3691e+10            3.2217e+09              

             BytesSentToWorkers    BytesReceivedFromWorkers
             __________________    ________________________

    1        4.2786e+08            1.0127e+08              
    2        4.2786e+08            1.0211e+08              
    3        4.2786e+08            1.0319e+08              
    4        4.2785e+08            9.7933e+07              
    5        4.2786e+08            1.0594e+08              
    6        4.2785e+08            9.7666e+07              
    7        4.2785e+08             1.015e+08              
    8        4.2786e+08            1.0064e+08              
    9        4.2785e+08            9.6048e+07              
    10       4.2785e+08             1.014e+08              
    11       4.2786e+08             1.057e+08              
    12       4.2785e+08            9.7619e+07              
    13       4.2786e+08            1.0182e+08              
    14       4.2786e+08            1.0105e+08              
    15       4.2785e+08            9.8469e+07              
    16       4.2785e+08            9.8682e+07              
    17       4.2785e+08            9.5735e+07              
    18       4.2785e+08             9.569e+07              
    19       4.2786e+08            1.0126e+08              
    20       4.2786e+08             1.001e+08              
    21       4.2786e+08            1.0551e+08              
    22       4.2786e+08            1.0567e+08              
    23       4.2785e+08            9.8957e+07              
    24       4.2786e+08            1.0323e+08              
    25       4.2786e+08            1.0163e+08              
    26       4.2786e+08            1.0309e+08              
    27       4.2785e+08            9.5223e+07              
    28       4.2785e+08             9.937e+07              
    29       4.2786e+08            1.0232e+08              
    30       4.2785e+08            9.6741e+07              
    31       4.2786e+08            1.0574e+08              
    32       4.2785e+08            1.0038e+08              
    Total    1.3691e+10            3.2217e+09              

             BytesSentToWorkers    BytesReceivedFromWorkers
             __________________    ________________________

    1        4.2785e+08            9.9108e+07              
    2        4.2786e+08            1.0676e+08              
    3        4.2786e+08            1.0147e+08              
    4        4.2786e+08            1.0403e+08              
    5        4.2786e+08            1.0093e+08              
    6        4.2785e+08            9.7666e+07              
    7        4.2785e+08            9.8936e+07              
    8        4.2785e+08              9.67e+07              
    9        4.2786e+08             1.038e+08              
    10       4.2786e+08            1.0326e+08              
    11       4.2786e+08            1.0008e+08              
    12       4.2786e+08            1.0582e+08              
    13       4.2785e+08            9.5684e+07              
    14       4.2786e+08            1.0093e+08              
    15       4.2786e+08            1.0072e+08              
    16       4.2785e+08            9.8682e+07              
    17       4.2786e+08            1.0274e+08              
    18       4.2786e+08            1.0487e+08              
    19       4.2786e+08            9.9744e+07              
    20       4.2786e+08            1.0474e+08              
    21       4.2786e+08            1.0396e+08              
    22       4.2786e+08            1.0046e+08              
    23       4.2785e+08            1.0113e+08              
    24       4.2785e+08            9.9067e+07              
    25       4.2786e+08             1.001e+08              
    26       4.2785e+08            1.0268e+08              
    27       4.2785e+08            9.8936e+07              
    28       4.2785e+08            9.8195e+07              
    29       4.2785e+08            9.7199e+07              
    30       4.2785e+08            9.6741e+07              
    31       4.2786e+08            9.9507e+07              
    32       4.2785e+08            9.7058e+07              
    Total    1.3691e+10            3.2217e+09              

             BytesSentToWorkers    BytesReceivedFromWorkers
             __________________    ________________________

    1        4.2786e+08            1.0383e+08              
    2        4.2785e+08            9.8592e+07              
    3        4.2785e+08            1.0188e+08              
    4        4.2786e+08            1.0361e+08              
    5        4.2786e+08            1.0134e+08              
    6        4.2785e+08            9.7666e+07              
    7        4.2785e+08            9.6802e+07              
    8        4.2785e+08            9.6036e+07              
    9        4.2785e+08            1.0036e+08              
    10       4.2785e+08            1.0098e+08              
    11       4.2786e+08            1.0175e+08              
    12       4.2786e+08            1.0109e+08              
    13       4.2786e+08            1.0423e+08              
    14       4.2786e+08            1.0609e+08              
    15       4.2785e+08            9.7963e+07              
    16       4.2785e+08            9.8682e+07              
    17       4.2785e+08            9.7283e+07              
    18       4.2786e+08            1.0588e+08              
    19       4.2786e+08            1.0104e+08              
    20       4.2786e+08            9.9656e+07              
    21       4.2786e+08            1.0497e+08              
    22       4.2786e+08            1.0533e+08              
    23       4.2786e+08            1.0167e+08              
    24       4.2785e+08            9.6362e+07              
    25       4.2786e+08             1.004e+08              
    26       4.2785e+08            9.4746e+07              
    27       4.2785e+08            9.7926e+07              
    28       4.2785e+08            9.9788e+07              
    29       4.2786e+08            1.0087e+08              
    30       4.2786e+08            1.0048e+08              
    31       4.2786e+08              1.06e+08              
    32       4.2785e+08            9.8385e+07              
    Total    1.3691e+10            3.2217e+09              

             BytesSentToWorkers    BytesReceivedFromWorkers
             __________________    ________________________

    1        4.2786e+08            1.0323e+08              
    2        4.2785e+08            9.7933e+07              
    3        4.2785e+08            9.6343e+07              
    4        4.2785e+08            1.0149e+08              
    5        4.2786e+08            9.9408e+07              
    6        4.2785e+08            9.7666e+07              
    7        4.2786e+08            1.0459e+08              
    8        4.2786e+08            1.0151e+08              
    9        4.2785e+08              9.86e+07              
    10       4.2785e+08            1.0098e+08              
    11       4.2786e+08            1.0175e+08              
    12       4.2785e+08            1.0227e+08              
    13       4.2786e+08             1.007e+08              
    14       4.2786e+08            1.0093e+08              
    15       4.2786e+08            1.0284e+08              
    16       4.2785e+08            9.8682e+07              
    17       4.2785e+08            9.6362e+07              
    18       4.2786e+08            1.0498e+08              
    19       4.2786e+08            1.0546e+08              
    20       4.2786e+08            9.9746e+07              
    21       4.2786e+08            1.0062e+08              
    22       4.2786e+08             1.003e+08              
    23       4.2786e+08            1.0219e+08              
    24       4.2785e+08            9.5745e+07              
    25       4.2786e+08            1.0164e+08              
    26       4.2786e+08            1.0466e+08              
    27       4.2785e+08            9.7283e+07              
    28       4.2785e+08            9.9788e+07              
    29       4.2786e+08             1.023e+08              
    30       4.2785e+08            9.6741e+07              
    31       4.2786e+08            1.0529e+08              
    32       4.2785e+08            9.9661e+07              
    Total    1.3691e+10            3.2217e+09              

             BytesSentToWorkers    BytesReceivedFromWorkers
             __________________    ________________________

    1        4.2785e+08            1.0195e+08              
    2        4.2786e+08            1.0372e+08              
    3        4.2785e+08            9.8103e+07              
    4        4.2786e+08            1.0546e+08              
    5        4.2786e+08            1.0049e+08              
    6        4.2785e+08            9.7666e+07              
    7        4.2785e+08            1.0004e+08              
    8        4.2785e+08              9.67e+07              
    9        4.2785e+08            9.7933e+07              
    10       4.2786e+08            1.0214e+08              
    11       4.2786e+08             9.938e+07              
    12       4.2786e+08            1.0138e+08              
    13       4.2786e+08             9.973e+07              
    14       4.2785e+08            9.5897e+07              
    15       4.2786e+08            1.0158e+08              
    16       4.2785e+08            9.8682e+07              
    17       4.2786e+08            1.0499e+08              
    18       4.2786e+08            1.0033e+08              
    19       4.2786e+08            1.0387e+08              
    20       4.2786e+08            9.9744e+07              
    21       4.2786e+08            1.0497e+08              
    22       4.2785e+08            9.5139e+07              
    23       4.2785e+08            9.8385e+07              
    24       4.2785e+08            1.0188e+08              
    25       4.2786e+08            1.0048e+08              
    26       4.2786e+08            1.0401e+08              
    27       4.2786e+08            1.0177e+08              
    28       4.2785e+08            9.8965e+07              
    29       4.2785e+08            9.8957e+07              
    30       4.2785e+08            9.6741e+07              
    31       4.2786e+08            1.0483e+08              
    32       4.2786e+08            1.0578e+08              
    Total    1.3691e+10            3.2217e+09              

             BytesSentToWorkers    BytesReceivedFromWorkers
             __________________    ________________________

    1        4.2786e+08            1.0163e+08              
    2        4.2785e+08            9.7722e+07              
    3        4.2785e+08            9.9772e+07              
    4        4.2786e+08            1.0083e+08              
    5        4.2786e+08            1.0155e+08              
    6        4.2786e+08             1.027e+08              
    7        4.2785e+08            1.0113e+08              
    8        4.2786e+08            1.0677e+08              
    9        4.2785e+08            9.9067e+07              
    10       4.2785e+08            1.0098e+08              
    11       4.2786e+08            1.0087e+08              
    12       4.2785e+08            9.9661e+07              
    13       4.2786e+08            1.0425e+08              
    14       4.2786e+08            1.0139e+08              
    15       4.2785e+08            1.0038e+08              
    16       4.2785e+08            9.8682e+07              
    17       4.2786e+08            1.0211e+08              
    18       4.2786e+08            1.0588e+08              
    19       4.2786e+08            1.0546e+08              
    20       4.2785e+08            9.7619e+07              
    21       4.2786e+08            1.0677e+08              
    22       4.2786e+08            1.0017e+08              
    23       4.2786e+08            1.0089e+08              
    24       4.2786e+08            9.9073e+07              
    25       4.2785e+08             9.604e+07              
    26       4.2786e+08            9.9683e+07              
    27       4.2786e+08            9.9494e+07              
    28       4.2785e+08            9.9788e+07              
    29       4.2786e+08             9.912e+07              
    30       4.2785e+08            9.6741e+07              
    31       4.2785e+08             9.611e+07              
    32       4.2785e+08            9.9325e+07              
    Total    1.3691e+10            3.2217e+09              

             BytesSentToWorkers    BytesReceivedFromWorkers
             __________________    ________________________

    1        4.2786e+08            1.0377e+08              
    2        4.2786e+08              1.03e+08              
    3        4.2786e+08            1.0032e+08              
    4        4.2786e+08            1.0111e+08              
    5        4.2786e+08            1.0071e+08              
    6        4.2785e+08            9.7667e+07              
    7        4.2785e+08            1.0038e+08              
    8        4.2786e+08            1.0174e+08              
    9        4.2786e+08            1.0419e+08              
    10       4.2786e+08            1.0344e+08              
    11       4.2786e+08            1.0049e+08              
    12       4.2785e+08            9.7001e+07              
    13       4.2786e+08             1.003e+08              
    14       4.2786e+08            1.0093e+08              
    15       4.2785e+08            9.9309e+07              
    16       4.2785e+08            9.8682e+07              
    17       4.2786e+08             1.014e+08              
    18       4.2786e+08            1.0554e+08              
    19       4.2786e+08            1.0005e+08              
    20       4.2786e+08            9.9442e+07              
    21       4.2786e+08            9.9933e+07              
    22       4.2786e+08            1.0017e+08              
    23       4.2785e+08            9.9661e+07              
    24       4.2785e+08            9.9156e+07              
    25       4.2786e+08            9.9685e+07              
    26       4.2785e+08            9.9864e+07              
    27       4.2786e+08            1.0231e+08              
    28       4.2785e+08            9.8574e+07              
    29       4.2786e+08            1.0303e+08              
    30       4.2785e+08            9.6741e+07              
    31       4.2786e+08            9.9794e+07              
    32       4.2786e+08            1.0331e+08              
    Total    1.3691e+10            3.2217e+09              

             BytesSentToWorkers    BytesReceivedFromWorkers
             __________________    ________________________

    1        4.2786e+08            9.8198e+07              
    2        4.2785e+08            9.8277e+07              
    3        4.2785e+08              9.86e+07              
    4        4.2786e+08            9.9413e+07              
    5        4.2786e+08            1.0049e+08              
    6        4.2785e+08            9.7666e+07              
    7        4.2785e+08            1.0036e+08              
    8        4.2786e+08            1.0524e+08              
    9        4.2785e+08            1.0149e+08              
    10       4.2785e+08            1.0098e+08              
    11       4.2786e+08            1.0175e+08              
    12       4.2785e+08            9.8592e+07              
    13       4.2786e+08            1.0092e+08              
    14       4.2786e+08            1.0609e+08              
    15       4.2785e+08            1.0227e+08              
    16       4.2785e+08            9.8682e+07              
    17       4.2785e+08            1.0036e+08              
    18       4.2786e+08            1.0124e+08              
    19       4.2786e+08            1.0567e+08              
    20       4.2785e+08            9.5164e+07              
    21       4.2786e+08            1.0598e+08              
    22       4.2786e+08            1.0455e+08              
    23       4.2785e+08             9.698e+07              
    24       4.2786e+08            9.9159e+07              
    25       4.2786e+08            1.0059e+08              
    26       4.2786e+08            1.0003e+08              
    27       4.2786e+08            1.0025e+08              
    28       4.2785e+08            9.9788e+07              
    29       4.2786e+08             1.002e+08              
    30       4.2785e+08            9.6741e+07              
    31       4.2786e+08            1.0601e+08              
    32       4.2786e+08            9.9951e+07              
    Total    1.3691e+10            3.2217e+09              

             BytesSentToWorkers    BytesReceivedFromWorkers
             __________________    ________________________

    1        4.2785e+08            1.0196e+08              
    2        4.2785e+08            9.7325e+07              
    3        4.2786e+08            1.0236e+08              
    4        4.2786e+08             1.024e+08              
    5        4.2786e+08            1.0308e+08              
    6        4.2785e+08            9.7667e+07              
    7        4.2786e+08            1.0554e+08              
    8        4.2786e+08            1.0151e+08              
    9        4.2785e+08            1.0078e+08              
    10       4.2786e+08            1.0312e+08              
    11       4.2786e+08            1.0132e+08              
    12       4.2785e+08            9.7597e+07              
    13       4.2786e+08            1.0072e+08              
    14       4.2786e+08            1.0105e+08              
    15       4.2785e+08            9.7046e+07              
    16       4.2785e+08            9.8682e+07              
    17       4.2786e+08            1.0544e+08              
    18       4.2786e+08            1.0529e+08              
    19       4.2786e+08            1.0466e+08              
    20       4.2786e+08            1.0394e+08              
    21       4.2786e+08             1.046e+08              
    22       4.2785e+08            9.5139e+07              
    23       4.2785e+08            9.8091e+07              
    24       4.2785e+08            1.0228e+08              
    25       4.2785e+08             9.475e+07              
    26       4.2785e+08            9.8764e+07              
    27       4.2785e+08            9.8592e+07              
    28       4.2785e+08            9.8965e+07              
    29       4.2786e+08            1.0193e+08              
    30       4.2785e+08            9.6741e+07              
    31       4.2786e+08            1.0051e+08              
    32       4.2786e+08            9.9865e+07              
    Total    1.3691e+10            3.2217e+09              

             BytesSentToWorkers    BytesReceivedFromWorkers
             __________________    ________________________

    1        4.2786e+08            1.0014e+08              
    2        4.2785e+08             9.766e+07              
    3        4.2785e+08            1.0149e+08              
    4        4.2785e+08            9.7158e+07              
    5        4.2786e+08            1.0574e+08              
    6        4.2785e+08            9.7666e+07              
    7        4.2785e+08            9.7283e+07              
    8        4.2785e+08            9.6024e+07              
    9        4.2785e+08            9.7021e+07              
    10       4.2785e+08            1.0098e+08              
    11       4.2786e+08            1.0635e+08              
    12       4.2785e+08            1.0001e+08              
    13       4.2786e+08            1.0662e+08              
    14       4.2786e+08            1.0093e+08              
    15       4.2785e+08            1.0227e+08              
    16       4.2785e+08            9.8682e+07              
    17       4.2786e+08            1.0293e+08              
    18       4.2786e+08            1.0627e+08              
    19       4.2786e+08            1.0586e+08              
    20       4.2786e+08            1.0179e+08              
    21       4.2786e+08            1.0543e+08              
    22       4.2786e+08            1.0567e+08              
    23       4.2786e+08            1.0043e+08              
    24       4.2786e+08            1.0283e+08              
    25       4.2785e+08            9.6362e+07              
    26       4.2786e+08            1.0264e+08              
    27       4.2785e+08            9.6399e+07              
    28       4.2785e+08            9.9788e+07              
    29       4.2785e+08            9.5459e+07              
    30       4.2785e+08            9.6741e+07              
    31       4.2786e+08            1.0061e+08              
    32       4.2785e+08            9.6446e+07              
    Total    1.3691e+10            3.2217e+09              

             BytesSentToWorkers    BytesReceivedFromWorkers
             __________________    ________________________

    1        4.2785e+08            1.0195e+08              
    2        4.2786e+08            1.0235e+08              
    3        4.2785e+08            9.8932e+07              
    4        4.2786e+08             1.009e+08              
    5        4.2786e+08            9.8882e+07              
    6        4.2785e+08            9.7666e+07              
    7        4.2786e+08            1.0211e+08              
    8        4.2785e+08            9.5432e+07              
    9        4.2786e+08            1.0232e+08              
    10       4.2785e+08             9.874e+07              
    11       4.2786e+08            1.0551e+08              
    12       4.2786e+08            1.0284e+08              
    13       4.2786e+08            9.9677e+07              
    14       4.2786e+08            1.0093e+08              
    15       4.2785e+08             9.732e+07              
    16       4.2785e+08            9.8682e+07              
    17       4.2786e+08            1.0481e+08              
    18       4.2786e+08            1.0054e+08              
    19       4.2786e+08            1.0491e+08              
    20       4.2786e+08            9.9529e+07              
    21       4.2786e+08            1.0478e+08              
    22       4.2786e+08            1.0017e+08              
    23       4.2785e+08            9.7722e+07              
    24       4.2785e+08            9.9155e+07              
    25       4.2786e+08            1.0027e+08              
    26       4.2786e+08             1.035e+08              
    27       4.2785e+08            9.7283e+07              
    28       4.2785e+08            9.8195e+07              
    29       4.2785e+08            1.0038e+08              
    30       4.2785e+08            9.6741e+07              
    31       4.2786e+08            1.0454e+08              
    32       4.2786e+08            1.0491e+08              
    Total    1.3691e+10            3.2217e+09              

Elapsed time is 109737.548294 seconds.
Elapsed time is 7662.403979 seconds.
Elapsed time is 4233.020928 seconds.
IdleTimeout has been reached.
Parallel pool using the 'local' profile is shutting down.
